2022-11-29 09:44:48,749 [main] INFO  c.e.fhir_etl.FhirEtlApplicationTests 55 - Starting FhirEtlApplicationTests using Java 19.0.1 on June4693-450G7 with PID 33964 (started by June.Wu in C:\Users\june.wu\Documents\GitHub\cameldemo1123_multifn\spring1124_multifn\fhir_etl\fhir_etl)
2022-11-29 09:44:48,751 [main] INFO  c.e.fhir_etl.FhirEtlApplicationTests 631 - No active profile set, falling back to 1 default profile: "default"
2022-11-29 09:44:51,852 [main] INFO  o.s.b.a.l.ConditionEvaluationReportLoggingListener 136 - 

Error starting ApplicationContext. To display the conditions report re-run your application with 'debug' enabled.
2022-11-29 09:44:51,875 [main] ERROR o.s.boot.SpringApplication 821 - Application run failed
org.apache.camel.FailedToCreateRouteException: Failed to create route route1 at: >>> To[jdbc:dataSource] <<< in route: Route(route1)[From[timer://foo?repeatCount=1] -> [SetBody[co... because of Failed to resolve endpoint: jdbc://dataSource due to: No default DataSource found in the registry
	at org.apache.camel.reifier.RouteReifier.doCreateRoute(RouteReifier.java:241)
	at org.apache.camel.reifier.RouteReifier.createRoute(RouteReifier.java:75)
	at org.apache.camel.impl.DefaultModelReifierFactory.createRoute(DefaultModelReifierFactory.java:49)
	at org.apache.camel.impl.DefaultCamelContext.startRouteDefinitions(DefaultCamelContext.java:891)
	at org.apache.camel.impl.DefaultCamelContext.startRouteDefinitions(DefaultCamelContext.java:765)
	at org.apache.camel.impl.engine.AbstractCamelContext.doInit(AbstractCamelContext.java:3000)
	at org.apache.camel.support.service.BaseService.init(BaseService.java:83)
	at org.apache.camel.impl.engine.AbstractCamelContext.init(AbstractCamelContext.java:2671)
	at org.apache.camel.support.service.BaseService.start(BaseService.java:111)
	at org.apache.camel.impl.engine.AbstractCamelContext.start(AbstractCamelContext.java:2690)
	at org.apache.camel.impl.DefaultCamelContext.start(DefaultCamelContext.java:262)
	at org.apache.camel.spring.SpringCamelContext.start(SpringCamelContext.java:119)
	at org.apache.camel.spring.SpringCamelContext.onApplicationEvent(SpringCamelContext.java:151)
	at org.springframework.context.event.SimpleApplicationEventMulticaster.doInvokeListener(SimpleApplicationEventMulticaster.java:176)
	at org.springframework.context.event.SimpleApplicationEventMulticaster.invokeListener(SimpleApplicationEventMulticaster.java:169)
	at org.springframework.context.event.SimpleApplicationEventMulticaster.multicastEvent(SimpleApplicationEventMulticaster.java:143)
	at org.springframework.context.support.AbstractApplicationContext.publishEvent(AbstractApplicationContext.java:421)
	at org.springframework.context.support.AbstractApplicationContext.publishEvent(AbstractApplicationContext.java:378)
	at org.springframework.context.support.AbstractApplicationContext.finishRefresh(AbstractApplicationContext.java:938)
	at org.springframework.context.support.AbstractApplicationContext.refresh(AbstractApplicationContext.java:586)
	at org.springframework.boot.SpringApplication.refresh(SpringApplication.java:731)
	at org.springframework.boot.SpringApplication.refreshContext(SpringApplication.java:408)
	at org.springframework.boot.SpringApplication.run(SpringApplication.java:307)
	at org.springframework.boot.test.context.SpringBootContextLoader.loadContext(SpringBootContextLoader.java:136)
	at org.springframework.test.context.cache.DefaultCacheAwareContextLoaderDelegate.loadContextInternal(DefaultCacheAwareContextLoaderDelegate.java:141)
	at org.springframework.test.context.cache.DefaultCacheAwareContextLoaderDelegate.loadContext(DefaultCacheAwareContextLoaderDelegate.java:90)
	at org.springframework.test.context.support.DefaultTestContext.getApplicationContext(DefaultTestContext.java:124)
	at org.springframework.test.context.web.ServletTestExecutionListener.setUpRequestContextIfNecessary(ServletTestExecutionListener.java:190)
	at org.springframework.test.context.web.ServletTestExecutionListener.prepareTestInstance(ServletTestExecutionListener.java:132)
	at org.springframework.test.context.TestContextManager.prepareTestInstance(TestContextManager.java:248)
	at org.springframework.test.context.junit.jupiter.SpringExtension.postProcessTestInstance(SpringExtension.java:138)
	at org.junit.jupiter.engine.descriptor.ClassBasedTestDescriptor.lambda$invokeTestInstancePostProcessors$8(ClassBasedTestDescriptor.java:363)
	at org.junit.jupiter.engine.descriptor.ClassBasedTestDescriptor.executeAndMaskThrowable(ClassBasedTestDescriptor.java:368)
	at org.junit.jupiter.engine.descriptor.ClassBasedTestDescriptor.lambda$invokeTestInstancePostProcessors$9(ClassBasedTestDescriptor.java:363)
	at java.base/java.util.stream.ReferencePipeline$3$1.accept(ReferencePipeline.java:197)
	at java.base/java.util.stream.ReferencePipeline$2$1.accept(ReferencePipeline.java:179)
	at java.base/java.util.ArrayList$ArrayListSpliterator.forEachRemaining(ArrayList.java:1625)
	at java.base/java.util.stream.AbstractPipeline.copyInto(AbstractPipeline.java:509)
	at java.base/java.util.stream.AbstractPipeline.wrapAndCopyInto(AbstractPipeline.java:499)
	at java.base/java.util.stream.StreamSpliterators$WrappingSpliterator.forEachRemaining(StreamSpliterators.java:310)
	at java.base/java.util.stream.Streams$ConcatSpliterator.forEachRemaining(Streams.java:735)
	at java.base/java.util.stream.Streams$ConcatSpliterator.forEachRemaining(Streams.java:734)
	at java.base/java.util.stream.ReferencePipeline$Head.forEach(ReferencePipeline.java:762)
	at org.junit.jupiter.engine.descriptor.ClassBasedTestDescriptor.invokeTestInstancePostProcessors(ClassBasedTestDescriptor.java:362)
	at org.junit.jupiter.engine.descriptor.ClassBasedTestDescriptor.lambda$instantiateAndPostProcessTestInstance$6(ClassBasedTestDescriptor.java:283)
	at org.junit.platform.engine.support.hierarchical.ThrowableCollector.execute(ThrowableCollector.java:73)
	at org.junit.jupiter.engine.descriptor.ClassBasedTestDescriptor.instantiateAndPostProcessTestInstance(ClassBasedTestDescriptor.java:282)
	at org.junit.jupiter.engine.descriptor.ClassBasedTestDescriptor.lambda$testInstancesProvider$4(ClassBasedTestDescriptor.java:272)
	at java.base/java.util.Optional.orElseGet(Optional.java:364)
	at org.junit.jupiter.engine.descriptor.ClassBasedTestDescriptor.lambda$testInstancesProvider$5(ClassBasedTestDescriptor.java:271)
	at org.junit.jupiter.engine.execution.TestInstancesProvider.getTestInstances(TestInstancesProvider.java:31)
	at org.junit.jupiter.engine.descriptor.TestMethodTestDescriptor.lambda$prepare$0(TestMethodTestDescriptor.java:102)
	at org.junit.platform.engine.support.hierarchical.ThrowableCollector.execute(ThrowableCollector.java:73)
	at org.junit.jupiter.engine.descriptor.TestMethodTestDescriptor.prepare(TestMethodTestDescriptor.java:101)
	at org.junit.jupiter.engine.descriptor.TestMethodTestDescriptor.prepare(TestMethodTestDescriptor.java:66)
	at org.junit.platform.engine.support.hierarchical.NodeTestTask.lambda$prepare$2(NodeTestTask.java:123)
	at org.junit.platform.engine.support.hierarchical.ThrowableCollector.execute(ThrowableCollector.java:73)
	at org.junit.platform.engine.support.hierarchical.NodeTestTask.prepare(NodeTestTask.java:123)
	at org.junit.platform.engine.support.hierarchical.NodeTestTask.execute(NodeTestTask.java:90)
	at java.base/java.util.ArrayList.forEach(ArrayList.java:1511)
	at org.junit.platform.engine.support.hierarchical.SameThreadHierarchicalTestExecutorService.invokeAll(SameThreadHierarchicalTestExecutorService.java:41)
	at org.junit.platform.engine.support.hierarchical.NodeTestTask.lambda$executeRecursively$6(NodeTestTask.java:155)
	at org.junit.platform.engine.support.hierarchical.ThrowableCollector.execute(ThrowableCollector.java:73)
	at org.junit.platform.engine.support.hierarchical.NodeTestTask.lambda$executeRecursively$8(NodeTestTask.java:141)
	at org.junit.platform.engine.support.hierarchical.Node.around(Node.java:137)
	at org.junit.platform.engine.support.hierarchical.NodeTestTask.lambda$executeRecursively$9(NodeTestTask.java:139)
	at org.junit.platform.engine.support.hierarchical.ThrowableCollector.execute(ThrowableCollector.java:73)
	at org.junit.platform.engine.support.hierarchical.NodeTestTask.executeRecursively(NodeTestTask.java:138)
	at org.junit.platform.engine.support.hierarchical.NodeTestTask.execute(NodeTestTask.java:95)
	at java.base/java.util.ArrayList.forEach(ArrayList.java:1511)
	at org.junit.platform.engine.support.hierarchical.SameThreadHierarchicalTestExecutorService.invokeAll(SameThreadHierarchicalTestExecutorService.java:41)
	at org.junit.platform.engine.support.hierarchical.NodeTestTask.lambda$executeRecursively$6(NodeTestTask.java:155)
	at org.junit.platform.engine.support.hierarchical.ThrowableCollector.execute(ThrowableCollector.java:73)
	at org.junit.platform.engine.support.hierarchical.NodeTestTask.lambda$executeRecursively$8(NodeTestTask.java:141)
	at org.junit.platform.engine.support.hierarchical.Node.around(Node.java:137)
	at org.junit.platform.engine.support.hierarchical.NodeTestTask.lambda$executeRecursively$9(NodeTestTask.java:139)
	at org.junit.platform.engine.support.hierarchical.ThrowableCollector.execute(ThrowableCollector.java:73)
	at org.junit.platform.engine.support.hierarchical.NodeTestTask.executeRecursively(NodeTestTask.java:138)
	at org.junit.platform.engine.support.hierarchical.NodeTestTask.execute(NodeTestTask.java:95)
	at org.junit.platform.engine.support.hierarchical.SameThreadHierarchicalTestExecutorService.submit(SameThreadHierarchicalTestExecutorService.java:35)
	at org.junit.platform.engine.support.hierarchical.HierarchicalTestExecutor.execute(HierarchicalTestExecutor.java:57)
	at org.junit.platform.engine.support.hierarchical.HierarchicalTestEngine.execute(HierarchicalTestEngine.java:54)
	at org.junit.platform.launcher.core.DefaultLauncher.execute(DefaultLauncher.java:220)
	at org.junit.platform.launcher.core.DefaultLauncher.lambda$execute$6(DefaultLauncher.java:188)
	at org.junit.platform.launcher.core.DefaultLauncher.withInterceptedStreams(DefaultLauncher.java:202)
	at org.junit.platform.launcher.core.DefaultLauncher.execute(DefaultLauncher.java:181)
	at org.junit.platform.launcher.core.DefaultLauncher.execute(DefaultLauncher.java:128)
	at org.apache.maven.surefire.junitplatform.JUnitPlatformProvider.invokeAllTests(JUnitPlatformProvider.java:150)
	at org.apache.maven.surefire.junitplatform.JUnitPlatformProvider.invoke(JUnitPlatformProvider.java:124)
	at org.apache.maven.surefire.booter.ForkedBooter.invokeProviderInSameClassLoader(ForkedBooter.java:384)
	at org.apache.maven.surefire.booter.ForkedBooter.runSuitesInProcess(ForkedBooter.java:345)
	at org.apache.maven.surefire.booter.ForkedBooter.execute(ForkedBooter.java:126)
	at org.apache.maven.surefire.booter.ForkedBooter.main(ForkedBooter.java:418)
Caused by: org.apache.camel.ResolveEndpointFailedException: Failed to resolve endpoint: jdbc://dataSource due to: No default DataSource found in the registry
	at org.apache.camel.impl.engine.AbstractCamelContext.doGetEndpoint(AbstractCamelContext.java:1009)
	at org.apache.camel.impl.engine.AbstractCamelContext.getEndpoint(AbstractCamelContext.java:891)
	at org.apache.camel.support.CamelContextHelper.resolveEndpoint(CamelContextHelper.java:127)
	at org.apache.camel.reifier.SendReifier.resolveEndpoint(SendReifier.java:45)
	at org.apache.camel.reifier.SendReifier.createProcessor(SendReifier.java:37)
	at org.apache.camel.reifier.ProcessorReifier.makeProcessor(ProcessorReifier.java:847)
	at org.apache.camel.reifier.ProcessorReifier.addRoutes(ProcessorReifier.java:588)
	at org.apache.camel.reifier.RouteReifier.doCreateRoute(RouteReifier.java:237)
	... 92 common frames omitted
Caused by: java.lang.IllegalArgumentException: No default DataSource found in the registry
	at org.apache.camel.component.jdbc.JdbcComponent.createEndpoint(JdbcComponent.java:67)
	at org.apache.camel.support.DefaultComponent.createEndpoint(DefaultComponent.java:171)
	at org.apache.camel.impl.engine.AbstractCamelContext.doGetEndpoint(AbstractCamelContext.java:975)
	... 99 common frames omitted
2022-11-29 09:44:51,895 [main] ERROR o.s.test.context.TestContextManager 252 - Caught exception while allowing TestExecutionListener [org.springframework.test.context.web.ServletTestExecutionListener@6bffbc6d] to prepare test instance [com.example.fhir_etl.FhirEtlApplicationTests@43755e2f]
java.lang.IllegalStateException: Failed to load ApplicationContext
	at org.springframework.test.context.cache.DefaultCacheAwareContextLoaderDelegate.loadContext(DefaultCacheAwareContextLoaderDelegate.java:98)
	at org.springframework.test.context.support.DefaultTestContext.getApplicationContext(DefaultTestContext.java:124)
	at org.springframework.test.context.web.ServletTestExecutionListener.setUpRequestContextIfNecessary(ServletTestExecutionListener.java:190)
	at org.springframework.test.context.web.ServletTestExecutionListener.prepareTestInstance(ServletTestExecutionListener.java:132)
	at org.springframework.test.context.TestContextManager.prepareTestInstance(TestContextManager.java:248)
	at org.springframework.test.context.junit.jupiter.SpringExtension.postProcessTestInstance(SpringExtension.java:138)
	at org.junit.jupiter.engine.descriptor.ClassBasedTestDescriptor.lambda$invokeTestInstancePostProcessors$8(ClassBasedTestDescriptor.java:363)
	at org.junit.jupiter.engine.descriptor.ClassBasedTestDescriptor.executeAndMaskThrowable(ClassBasedTestDescriptor.java:368)
	at org.junit.jupiter.engine.descriptor.ClassBasedTestDescriptor.lambda$invokeTestInstancePostProcessors$9(ClassBasedTestDescriptor.java:363)
	at java.base/java.util.stream.ReferencePipeline$3$1.accept(ReferencePipeline.java:197)
	at java.base/java.util.stream.ReferencePipeline$2$1.accept(ReferencePipeline.java:179)
	at java.base/java.util.ArrayList$ArrayListSpliterator.forEachRemaining(ArrayList.java:1625)
	at java.base/java.util.stream.AbstractPipeline.copyInto(AbstractPipeline.java:509)
	at java.base/java.util.stream.AbstractPipeline.wrapAndCopyInto(AbstractPipeline.java:499)
	at java.base/java.util.stream.StreamSpliterators$WrappingSpliterator.forEachRemaining(StreamSpliterators.java:310)
	at java.base/java.util.stream.Streams$ConcatSpliterator.forEachRemaining(Streams.java:735)
	at java.base/java.util.stream.Streams$ConcatSpliterator.forEachRemaining(Streams.java:734)
	at java.base/java.util.stream.ReferencePipeline$Head.forEach(ReferencePipeline.java:762)
	at org.junit.jupiter.engine.descriptor.ClassBasedTestDescriptor.invokeTestInstancePostProcessors(ClassBasedTestDescriptor.java:362)
	at org.junit.jupiter.engine.descriptor.ClassBasedTestDescriptor.lambda$instantiateAndPostProcessTestInstance$6(ClassBasedTestDescriptor.java:283)
	at org.junit.platform.engine.support.hierarchical.ThrowableCollector.execute(ThrowableCollector.java:73)
	at org.junit.jupiter.engine.descriptor.ClassBasedTestDescriptor.instantiateAndPostProcessTestInstance(ClassBasedTestDescriptor.java:282)
	at org.junit.jupiter.engine.descriptor.ClassBasedTestDescriptor.lambda$testInstancesProvider$4(ClassBasedTestDescriptor.java:272)
	at java.base/java.util.Optional.orElseGet(Optional.java:364)
	at org.junit.jupiter.engine.descriptor.ClassBasedTestDescriptor.lambda$testInstancesProvider$5(ClassBasedTestDescriptor.java:271)
	at org.junit.jupiter.engine.execution.TestInstancesProvider.getTestInstances(TestInstancesProvider.java:31)
	at org.junit.jupiter.engine.descriptor.TestMethodTestDescriptor.lambda$prepare$0(TestMethodTestDescriptor.java:102)
	at org.junit.platform.engine.support.hierarchical.ThrowableCollector.execute(ThrowableCollector.java:73)
	at org.junit.jupiter.engine.descriptor.TestMethodTestDescriptor.prepare(TestMethodTestDescriptor.java:101)
	at org.junit.jupiter.engine.descriptor.TestMethodTestDescriptor.prepare(TestMethodTestDescriptor.java:66)
	at org.junit.platform.engine.support.hierarchical.NodeTestTask.lambda$prepare$2(NodeTestTask.java:123)
	at org.junit.platform.engine.support.hierarchical.ThrowableCollector.execute(ThrowableCollector.java:73)
	at org.junit.platform.engine.support.hierarchical.NodeTestTask.prepare(NodeTestTask.java:123)
	at org.junit.platform.engine.support.hierarchical.NodeTestTask.execute(NodeTestTask.java:90)
	at java.base/java.util.ArrayList.forEach(ArrayList.java:1511)
	at org.junit.platform.engine.support.hierarchical.SameThreadHierarchicalTestExecutorService.invokeAll(SameThreadHierarchicalTestExecutorService.java:41)
	at org.junit.platform.engine.support.hierarchical.NodeTestTask.lambda$executeRecursively$6(NodeTestTask.java:155)
	at org.junit.platform.engine.support.hierarchical.ThrowableCollector.execute(ThrowableCollector.java:73)
	at org.junit.platform.engine.support.hierarchical.NodeTestTask.lambda$executeRecursively$8(NodeTestTask.java:141)
	at org.junit.platform.engine.support.hierarchical.Node.around(Node.java:137)
	at org.junit.platform.engine.support.hierarchical.NodeTestTask.lambda$executeRecursively$9(NodeTestTask.java:139)
	at org.junit.platform.engine.support.hierarchical.ThrowableCollector.execute(ThrowableCollector.java:73)
	at org.junit.platform.engine.support.hierarchical.NodeTestTask.executeRecursively(NodeTestTask.java:138)
	at org.junit.platform.engine.support.hierarchical.NodeTestTask.execute(NodeTestTask.java:95)
	at java.base/java.util.ArrayList.forEach(ArrayList.java:1511)
	at org.junit.platform.engine.support.hierarchical.SameThreadHierarchicalTestExecutorService.invokeAll(SameThreadHierarchicalTestExecutorService.java:41)
	at org.junit.platform.engine.support.hierarchical.NodeTestTask.lambda$executeRecursively$6(NodeTestTask.java:155)
	at org.junit.platform.engine.support.hierarchical.ThrowableCollector.execute(ThrowableCollector.java:73)
	at org.junit.platform.engine.support.hierarchical.NodeTestTask.lambda$executeRecursively$8(NodeTestTask.java:141)
	at org.junit.platform.engine.support.hierarchical.Node.around(Node.java:137)
	at org.junit.platform.engine.support.hierarchical.NodeTestTask.lambda$executeRecursively$9(NodeTestTask.java:139)
	at org.junit.platform.engine.support.hierarchical.ThrowableCollector.execute(ThrowableCollector.java:73)
	at org.junit.platform.engine.support.hierarchical.NodeTestTask.executeRecursively(NodeTestTask.java:138)
	at org.junit.platform.engine.support.hierarchical.NodeTestTask.execute(NodeTestTask.java:95)
	at org.junit.platform.engine.support.hierarchical.SameThreadHierarchicalTestExecutorService.submit(SameThreadHierarchicalTestExecutorService.java:35)
	at org.junit.platform.engine.support.hierarchical.HierarchicalTestExecutor.execute(HierarchicalTestExecutor.java:57)
	at org.junit.platform.engine.support.hierarchical.HierarchicalTestEngine.execute(HierarchicalTestEngine.java:54)
	at org.junit.platform.launcher.core.DefaultLauncher.execute(DefaultLauncher.java:220)
	at org.junit.platform.launcher.core.DefaultLauncher.lambda$execute$6(DefaultLauncher.java:188)
	at org.junit.platform.launcher.core.DefaultLauncher.withInterceptedStreams(DefaultLauncher.java:202)
	at org.junit.platform.launcher.core.DefaultLauncher.execute(DefaultLauncher.java:181)
	at org.junit.platform.launcher.core.DefaultLauncher.execute(DefaultLauncher.java:128)
	at org.apache.maven.surefire.junitplatform.JUnitPlatformProvider.invokeAllTests(JUnitPlatformProvider.java:150)
	at org.apache.maven.surefire.junitplatform.JUnitPlatformProvider.invoke(JUnitPlatformProvider.java:124)
	at org.apache.maven.surefire.booter.ForkedBooter.invokeProviderInSameClassLoader(ForkedBooter.java:384)
	at org.apache.maven.surefire.booter.ForkedBooter.runSuitesInProcess(ForkedBooter.java:345)
	at org.apache.maven.surefire.booter.ForkedBooter.execute(ForkedBooter.java:126)
	at org.apache.maven.surefire.booter.ForkedBooter.main(ForkedBooter.java:418)
Caused by: org.apache.camel.FailedToCreateRouteException: Failed to create route route1 at: >>> To[jdbc:dataSource] <<< in route: Route(route1)[From[timer://foo?repeatCount=1] -> [SetBody[co... because of Failed to resolve endpoint: jdbc://dataSource due to: No default DataSource found in the registry
	at org.apache.camel.reifier.RouteReifier.doCreateRoute(RouteReifier.java:241)
	at org.apache.camel.reifier.RouteReifier.createRoute(RouteReifier.java:75)
	at org.apache.camel.impl.DefaultModelReifierFactory.createRoute(DefaultModelReifierFactory.java:49)
	at org.apache.camel.impl.DefaultCamelContext.startRouteDefinitions(DefaultCamelContext.java:891)
	at org.apache.camel.impl.DefaultCamelContext.startRouteDefinitions(DefaultCamelContext.java:765)
	at org.apache.camel.impl.engine.AbstractCamelContext.doInit(AbstractCamelContext.java:3000)
	at org.apache.camel.support.service.BaseService.init(BaseService.java:83)
	at org.apache.camel.impl.engine.AbstractCamelContext.init(AbstractCamelContext.java:2671)
	at org.apache.camel.support.service.BaseService.start(BaseService.java:111)
	at org.apache.camel.impl.engine.AbstractCamelContext.start(AbstractCamelContext.java:2690)
	at org.apache.camel.impl.DefaultCamelContext.start(DefaultCamelContext.java:262)
	at org.apache.camel.spring.SpringCamelContext.start(SpringCamelContext.java:119)
	at org.apache.camel.spring.SpringCamelContext.onApplicationEvent(SpringCamelContext.java:151)
	at org.springframework.context.event.SimpleApplicationEventMulticaster.doInvokeListener(SimpleApplicationEventMulticaster.java:176)
	at org.springframework.context.event.SimpleApplicationEventMulticaster.invokeListener(SimpleApplicationEventMulticaster.java:169)
	at org.springframework.context.event.SimpleApplicationEventMulticaster.multicastEvent(SimpleApplicationEventMulticaster.java:143)
	at org.springframework.context.support.AbstractApplicationContext.publishEvent(AbstractApplicationContext.java:421)
	at org.springframework.context.support.AbstractApplicationContext.publishEvent(AbstractApplicationContext.java:378)
	at org.springframework.context.support.AbstractApplicationContext.finishRefresh(AbstractApplicationContext.java:938)
	at org.springframework.context.support.AbstractApplicationContext.refresh(AbstractApplicationContext.java:586)
	at org.springframework.boot.SpringApplication.refresh(SpringApplication.java:731)
	at org.springframework.boot.SpringApplication.refreshContext(SpringApplication.java:408)
	at org.springframework.boot.SpringApplication.run(SpringApplication.java:307)
	at org.springframework.boot.test.context.SpringBootContextLoader.loadContext(SpringBootContextLoader.java:136)
	at org.springframework.test.context.cache.DefaultCacheAwareContextLoaderDelegate.loadContextInternal(DefaultCacheAwareContextLoaderDelegate.java:141)
	at org.springframework.test.context.cache.DefaultCacheAwareContextLoaderDelegate.loadContext(DefaultCacheAwareContextLoaderDelegate.java:90)
	... 67 common frames omitted
Caused by: org.apache.camel.ResolveEndpointFailedException: Failed to resolve endpoint: jdbc://dataSource due to: No default DataSource found in the registry
	at org.apache.camel.impl.engine.AbstractCamelContext.doGetEndpoint(AbstractCamelContext.java:1009)
	at org.apache.camel.impl.engine.AbstractCamelContext.getEndpoint(AbstractCamelContext.java:891)
	at org.apache.camel.support.CamelContextHelper.resolveEndpoint(CamelContextHelper.java:127)
	at org.apache.camel.reifier.SendReifier.resolveEndpoint(SendReifier.java:45)
	at org.apache.camel.reifier.SendReifier.createProcessor(SendReifier.java:37)
	at org.apache.camel.reifier.ProcessorReifier.makeProcessor(ProcessorReifier.java:847)
	at org.apache.camel.reifier.ProcessorReifier.addRoutes(ProcessorReifier.java:588)
	at org.apache.camel.reifier.RouteReifier.doCreateRoute(RouteReifier.java:237)
	... 92 common frames omitted
Caused by: java.lang.IllegalArgumentException: No default DataSource found in the registry
	at org.apache.camel.component.jdbc.JdbcComponent.createEndpoint(JdbcComponent.java:67)
	at org.apache.camel.support.DefaultComponent.createEndpoint(DefaultComponent.java:171)
	at org.apache.camel.impl.engine.AbstractCamelContext.doGetEndpoint(AbstractCamelContext.java:975)
	... 99 common frames omitted
2022-11-29 09:46:04,034 [main] INFO  c.e.fhir_etl.FhirEtlApplicationTests 55 - Starting FhirEtlApplicationTests using Java 19.0.1 on June4693-450G7 with PID 9860 (started by June.Wu in C:\Users\june.wu\Documents\GitHub\cameldemo1123_multifn\spring1124_multifn\fhir_etl\fhir_etl)
2022-11-29 09:46:04,036 [main] INFO  c.e.fhir_etl.FhirEtlApplicationTests 631 - No active profile set, falling back to 1 default profile: "default"
2022-11-29 09:46:07,073 [main] INFO  o.s.b.a.l.ConditionEvaluationReportLoggingListener 136 - 

Error starting ApplicationContext. To display the conditions report re-run your application with 'debug' enabled.
2022-11-29 09:46:07,095 [main] ERROR o.s.boot.SpringApplication 821 - Application run failed
org.apache.camel.FailedToCreateRouteException: Failed to create route route1 at: >>> To[jdbc:dataSource] <<< in route: Route(route1)[From[timer://foo?repeatCount=1] -> [SetBody[co... because of Failed to resolve endpoint: jdbc://dataSource due to: No default DataSource found in the registry
	at org.apache.camel.reifier.RouteReifier.doCreateRoute(RouteReifier.java:241)
	at org.apache.camel.reifier.RouteReifier.createRoute(RouteReifier.java:75)
	at org.apache.camel.impl.DefaultModelReifierFactory.createRoute(DefaultModelReifierFactory.java:49)
	at org.apache.camel.impl.DefaultCamelContext.startRouteDefinitions(DefaultCamelContext.java:891)
	at org.apache.camel.impl.DefaultCamelContext.startRouteDefinitions(DefaultCamelContext.java:765)
	at org.apache.camel.impl.engine.AbstractCamelContext.doInit(AbstractCamelContext.java:3000)
	at org.apache.camel.support.service.BaseService.init(BaseService.java:83)
	at org.apache.camel.impl.engine.AbstractCamelContext.init(AbstractCamelContext.java:2671)
	at org.apache.camel.support.service.BaseService.start(BaseService.java:111)
	at org.apache.camel.impl.engine.AbstractCamelContext.start(AbstractCamelContext.java:2690)
	at org.apache.camel.impl.DefaultCamelContext.start(DefaultCamelContext.java:262)
	at org.apache.camel.spring.SpringCamelContext.start(SpringCamelContext.java:119)
	at org.apache.camel.spring.SpringCamelContext.onApplicationEvent(SpringCamelContext.java:151)
	at org.springframework.context.event.SimpleApplicationEventMulticaster.doInvokeListener(SimpleApplicationEventMulticaster.java:176)
	at org.springframework.context.event.SimpleApplicationEventMulticaster.invokeListener(SimpleApplicationEventMulticaster.java:169)
	at org.springframework.context.event.SimpleApplicationEventMulticaster.multicastEvent(SimpleApplicationEventMulticaster.java:143)
	at org.springframework.context.support.AbstractApplicationContext.publishEvent(AbstractApplicationContext.java:421)
	at org.springframework.context.support.AbstractApplicationContext.publishEvent(AbstractApplicationContext.java:378)
	at org.springframework.context.support.AbstractApplicationContext.finishRefresh(AbstractApplicationContext.java:938)
	at org.springframework.context.support.AbstractApplicationContext.refresh(AbstractApplicationContext.java:586)
	at org.springframework.boot.SpringApplication.refresh(SpringApplication.java:731)
	at org.springframework.boot.SpringApplication.refreshContext(SpringApplication.java:408)
	at org.springframework.boot.SpringApplication.run(SpringApplication.java:307)
	at org.springframework.boot.test.context.SpringBootContextLoader.loadContext(SpringBootContextLoader.java:136)
	at org.springframework.test.context.cache.DefaultCacheAwareContextLoaderDelegate.loadContextInternal(DefaultCacheAwareContextLoaderDelegate.java:141)
	at org.springframework.test.context.cache.DefaultCacheAwareContextLoaderDelegate.loadContext(DefaultCacheAwareContextLoaderDelegate.java:90)
	at org.springframework.test.context.support.DefaultTestContext.getApplicationContext(DefaultTestContext.java:124)
	at org.springframework.test.context.web.ServletTestExecutionListener.setUpRequestContextIfNecessary(ServletTestExecutionListener.java:190)
	at org.springframework.test.context.web.ServletTestExecutionListener.prepareTestInstance(ServletTestExecutionListener.java:132)
	at org.springframework.test.context.TestContextManager.prepareTestInstance(TestContextManager.java:248)
	at org.springframework.test.context.junit.jupiter.SpringExtension.postProcessTestInstance(SpringExtension.java:138)
	at org.junit.jupiter.engine.descriptor.ClassBasedTestDescriptor.lambda$invokeTestInstancePostProcessors$8(ClassBasedTestDescriptor.java:363)
	at org.junit.jupiter.engine.descriptor.ClassBasedTestDescriptor.executeAndMaskThrowable(ClassBasedTestDescriptor.java:368)
	at org.junit.jupiter.engine.descriptor.ClassBasedTestDescriptor.lambda$invokeTestInstancePostProcessors$9(ClassBasedTestDescriptor.java:363)
	at java.base/java.util.stream.ReferencePipeline$3$1.accept(ReferencePipeline.java:197)
	at java.base/java.util.stream.ReferencePipeline$2$1.accept(ReferencePipeline.java:179)
	at java.base/java.util.ArrayList$ArrayListSpliterator.forEachRemaining(ArrayList.java:1625)
	at java.base/java.util.stream.AbstractPipeline.copyInto(AbstractPipeline.java:509)
	at java.base/java.util.stream.AbstractPipeline.wrapAndCopyInto(AbstractPipeline.java:499)
	at java.base/java.util.stream.StreamSpliterators$WrappingSpliterator.forEachRemaining(StreamSpliterators.java:310)
	at java.base/java.util.stream.Streams$ConcatSpliterator.forEachRemaining(Streams.java:735)
	at java.base/java.util.stream.Streams$ConcatSpliterator.forEachRemaining(Streams.java:734)
	at java.base/java.util.stream.ReferencePipeline$Head.forEach(ReferencePipeline.java:762)
	at org.junit.jupiter.engine.descriptor.ClassBasedTestDescriptor.invokeTestInstancePostProcessors(ClassBasedTestDescriptor.java:362)
	at org.junit.jupiter.engine.descriptor.ClassBasedTestDescriptor.lambda$instantiateAndPostProcessTestInstance$6(ClassBasedTestDescriptor.java:283)
	at org.junit.platform.engine.support.hierarchical.ThrowableCollector.execute(ThrowableCollector.java:73)
	at org.junit.jupiter.engine.descriptor.ClassBasedTestDescriptor.instantiateAndPostProcessTestInstance(ClassBasedTestDescriptor.java:282)
	at org.junit.jupiter.engine.descriptor.ClassBasedTestDescriptor.lambda$testInstancesProvider$4(ClassBasedTestDescriptor.java:272)
	at java.base/java.util.Optional.orElseGet(Optional.java:364)
	at org.junit.jupiter.engine.descriptor.ClassBasedTestDescriptor.lambda$testInstancesProvider$5(ClassBasedTestDescriptor.java:271)
	at org.junit.jupiter.engine.execution.TestInstancesProvider.getTestInstances(TestInstancesProvider.java:31)
	at org.junit.jupiter.engine.descriptor.TestMethodTestDescriptor.lambda$prepare$0(TestMethodTestDescriptor.java:102)
	at org.junit.platform.engine.support.hierarchical.ThrowableCollector.execute(ThrowableCollector.java:73)
	at org.junit.jupiter.engine.descriptor.TestMethodTestDescriptor.prepare(TestMethodTestDescriptor.java:101)
	at org.junit.jupiter.engine.descriptor.TestMethodTestDescriptor.prepare(TestMethodTestDescriptor.java:66)
	at org.junit.platform.engine.support.hierarchical.NodeTestTask.lambda$prepare$2(NodeTestTask.java:123)
	at org.junit.platform.engine.support.hierarchical.ThrowableCollector.execute(ThrowableCollector.java:73)
	at org.junit.platform.engine.support.hierarchical.NodeTestTask.prepare(NodeTestTask.java:123)
	at org.junit.platform.engine.support.hierarchical.NodeTestTask.execute(NodeTestTask.java:90)
	at java.base/java.util.ArrayList.forEach(ArrayList.java:1511)
	at org.junit.platform.engine.support.hierarchical.SameThreadHierarchicalTestExecutorService.invokeAll(SameThreadHierarchicalTestExecutorService.java:41)
	at org.junit.platform.engine.support.hierarchical.NodeTestTask.lambda$executeRecursively$6(NodeTestTask.java:155)
	at org.junit.platform.engine.support.hierarchical.ThrowableCollector.execute(ThrowableCollector.java:73)
	at org.junit.platform.engine.support.hierarchical.NodeTestTask.lambda$executeRecursively$8(NodeTestTask.java:141)
	at org.junit.platform.engine.support.hierarchical.Node.around(Node.java:137)
	at org.junit.platform.engine.support.hierarchical.NodeTestTask.lambda$executeRecursively$9(NodeTestTask.java:139)
	at org.junit.platform.engine.support.hierarchical.ThrowableCollector.execute(ThrowableCollector.java:73)
	at org.junit.platform.engine.support.hierarchical.NodeTestTask.executeRecursively(NodeTestTask.java:138)
	at org.junit.platform.engine.support.hierarchical.NodeTestTask.execute(NodeTestTask.java:95)
	at java.base/java.util.ArrayList.forEach(ArrayList.java:1511)
	at org.junit.platform.engine.support.hierarchical.SameThreadHierarchicalTestExecutorService.invokeAll(SameThreadHierarchicalTestExecutorService.java:41)
	at org.junit.platform.engine.support.hierarchical.NodeTestTask.lambda$executeRecursively$6(NodeTestTask.java:155)
	at org.junit.platform.engine.support.hierarchical.ThrowableCollector.execute(ThrowableCollector.java:73)
	at org.junit.platform.engine.support.hierarchical.NodeTestTask.lambda$executeRecursively$8(NodeTestTask.java:141)
	at org.junit.platform.engine.support.hierarchical.Node.around(Node.java:137)
	at org.junit.platform.engine.support.hierarchical.NodeTestTask.lambda$executeRecursively$9(NodeTestTask.java:139)
	at org.junit.platform.engine.support.hierarchical.ThrowableCollector.execute(ThrowableCollector.java:73)
	at org.junit.platform.engine.support.hierarchical.NodeTestTask.executeRecursively(NodeTestTask.java:138)
	at org.junit.platform.engine.support.hierarchical.NodeTestTask.execute(NodeTestTask.java:95)
	at org.junit.platform.engine.support.hierarchical.SameThreadHierarchicalTestExecutorService.submit(SameThreadHierarchicalTestExecutorService.java:35)
	at org.junit.platform.engine.support.hierarchical.HierarchicalTestExecutor.execute(HierarchicalTestExecutor.java:57)
	at org.junit.platform.engine.support.hierarchical.HierarchicalTestEngine.execute(HierarchicalTestEngine.java:54)
	at org.junit.platform.launcher.core.DefaultLauncher.execute(DefaultLauncher.java:220)
	at org.junit.platform.launcher.core.DefaultLauncher.lambda$execute$6(DefaultLauncher.java:188)
	at org.junit.platform.launcher.core.DefaultLauncher.withInterceptedStreams(DefaultLauncher.java:202)
	at org.junit.platform.launcher.core.DefaultLauncher.execute(DefaultLauncher.java:181)
	at org.junit.platform.launcher.core.DefaultLauncher.execute(DefaultLauncher.java:128)
	at org.apache.maven.surefire.junitplatform.JUnitPlatformProvider.invokeAllTests(JUnitPlatformProvider.java:150)
	at org.apache.maven.surefire.junitplatform.JUnitPlatformProvider.invoke(JUnitPlatformProvider.java:124)
	at org.apache.maven.surefire.booter.ForkedBooter.invokeProviderInSameClassLoader(ForkedBooter.java:384)
	at org.apache.maven.surefire.booter.ForkedBooter.runSuitesInProcess(ForkedBooter.java:345)
	at org.apache.maven.surefire.booter.ForkedBooter.execute(ForkedBooter.java:126)
	at org.apache.maven.surefire.booter.ForkedBooter.main(ForkedBooter.java:418)
Caused by: org.apache.camel.ResolveEndpointFailedException: Failed to resolve endpoint: jdbc://dataSource due to: No default DataSource found in the registry
	at org.apache.camel.impl.engine.AbstractCamelContext.doGetEndpoint(AbstractCamelContext.java:1009)
	at org.apache.camel.impl.engine.AbstractCamelContext.getEndpoint(AbstractCamelContext.java:891)
	at org.apache.camel.support.CamelContextHelper.resolveEndpoint(CamelContextHelper.java:127)
	at org.apache.camel.reifier.SendReifier.resolveEndpoint(SendReifier.java:45)
	at org.apache.camel.reifier.SendReifier.createProcessor(SendReifier.java:37)
	at org.apache.camel.reifier.ProcessorReifier.makeProcessor(ProcessorReifier.java:847)
	at org.apache.camel.reifier.ProcessorReifier.addRoutes(ProcessorReifier.java:588)
	at org.apache.camel.reifier.RouteReifier.doCreateRoute(RouteReifier.java:237)
	... 92 common frames omitted
Caused by: java.lang.IllegalArgumentException: No default DataSource found in the registry
	at org.apache.camel.component.jdbc.JdbcComponent.createEndpoint(JdbcComponent.java:67)
	at org.apache.camel.support.DefaultComponent.createEndpoint(DefaultComponent.java:171)
	at org.apache.camel.impl.engine.AbstractCamelContext.doGetEndpoint(AbstractCamelContext.java:975)
	... 99 common frames omitted
2022-11-29 09:46:07,103 [main] ERROR o.s.test.context.TestContextManager 252 - Caught exception while allowing TestExecutionListener [org.springframework.test.context.web.ServletTestExecutionListener@6bffbc6d] to prepare test instance [com.example.fhir_etl.FhirEtlApplicationTests@778c2e7c]
java.lang.IllegalStateException: Failed to load ApplicationContext
	at org.springframework.test.context.cache.DefaultCacheAwareContextLoaderDelegate.loadContext(DefaultCacheAwareContextLoaderDelegate.java:98)
	at org.springframework.test.context.support.DefaultTestContext.getApplicationContext(DefaultTestContext.java:124)
	at org.springframework.test.context.web.ServletTestExecutionListener.setUpRequestContextIfNecessary(ServletTestExecutionListener.java:190)
	at org.springframework.test.context.web.ServletTestExecutionListener.prepareTestInstance(ServletTestExecutionListener.java:132)
	at org.springframework.test.context.TestContextManager.prepareTestInstance(TestContextManager.java:248)
	at org.springframework.test.context.junit.jupiter.SpringExtension.postProcessTestInstance(SpringExtension.java:138)
	at org.junit.jupiter.engine.descriptor.ClassBasedTestDescriptor.lambda$invokeTestInstancePostProcessors$8(ClassBasedTestDescriptor.java:363)
	at org.junit.jupiter.engine.descriptor.ClassBasedTestDescriptor.executeAndMaskThrowable(ClassBasedTestDescriptor.java:368)
	at org.junit.jupiter.engine.descriptor.ClassBasedTestDescriptor.lambda$invokeTestInstancePostProcessors$9(ClassBasedTestDescriptor.java:363)
	at java.base/java.util.stream.ReferencePipeline$3$1.accept(ReferencePipeline.java:197)
	at java.base/java.util.stream.ReferencePipeline$2$1.accept(ReferencePipeline.java:179)
	at java.base/java.util.ArrayList$ArrayListSpliterator.forEachRemaining(ArrayList.java:1625)
	at java.base/java.util.stream.AbstractPipeline.copyInto(AbstractPipeline.java:509)
	at java.base/java.util.stream.AbstractPipeline.wrapAndCopyInto(AbstractPipeline.java:499)
	at java.base/java.util.stream.StreamSpliterators$WrappingSpliterator.forEachRemaining(StreamSpliterators.java:310)
	at java.base/java.util.stream.Streams$ConcatSpliterator.forEachRemaining(Streams.java:735)
	at java.base/java.util.stream.Streams$ConcatSpliterator.forEachRemaining(Streams.java:734)
	at java.base/java.util.stream.ReferencePipeline$Head.forEach(ReferencePipeline.java:762)
	at org.junit.jupiter.engine.descriptor.ClassBasedTestDescriptor.invokeTestInstancePostProcessors(ClassBasedTestDescriptor.java:362)
	at org.junit.jupiter.engine.descriptor.ClassBasedTestDescriptor.lambda$instantiateAndPostProcessTestInstance$6(ClassBasedTestDescriptor.java:283)
	at org.junit.platform.engine.support.hierarchical.ThrowableCollector.execute(ThrowableCollector.java:73)
	at org.junit.jupiter.engine.descriptor.ClassBasedTestDescriptor.instantiateAndPostProcessTestInstance(ClassBasedTestDescriptor.java:282)
	at org.junit.jupiter.engine.descriptor.ClassBasedTestDescriptor.lambda$testInstancesProvider$4(ClassBasedTestDescriptor.java:272)
	at java.base/java.util.Optional.orElseGet(Optional.java:364)
	at org.junit.jupiter.engine.descriptor.ClassBasedTestDescriptor.lambda$testInstancesProvider$5(ClassBasedTestDescriptor.java:271)
	at org.junit.jupiter.engine.execution.TestInstancesProvider.getTestInstances(TestInstancesProvider.java:31)
	at org.junit.jupiter.engine.descriptor.TestMethodTestDescriptor.lambda$prepare$0(TestMethodTestDescriptor.java:102)
	at org.junit.platform.engine.support.hierarchical.ThrowableCollector.execute(ThrowableCollector.java:73)
	at org.junit.jupiter.engine.descriptor.TestMethodTestDescriptor.prepare(TestMethodTestDescriptor.java:101)
	at org.junit.jupiter.engine.descriptor.TestMethodTestDescriptor.prepare(TestMethodTestDescriptor.java:66)
	at org.junit.platform.engine.support.hierarchical.NodeTestTask.lambda$prepare$2(NodeTestTask.java:123)
	at org.junit.platform.engine.support.hierarchical.ThrowableCollector.execute(ThrowableCollector.java:73)
	at org.junit.platform.engine.support.hierarchical.NodeTestTask.prepare(NodeTestTask.java:123)
	at org.junit.platform.engine.support.hierarchical.NodeTestTask.execute(NodeTestTask.java:90)
	at java.base/java.util.ArrayList.forEach(ArrayList.java:1511)
	at org.junit.platform.engine.support.hierarchical.SameThreadHierarchicalTestExecutorService.invokeAll(SameThreadHierarchicalTestExecutorService.java:41)
	at org.junit.platform.engine.support.hierarchical.NodeTestTask.lambda$executeRecursively$6(NodeTestTask.java:155)
	at org.junit.platform.engine.support.hierarchical.ThrowableCollector.execute(ThrowableCollector.java:73)
	at org.junit.platform.engine.support.hierarchical.NodeTestTask.lambda$executeRecursively$8(NodeTestTask.java:141)
	at org.junit.platform.engine.support.hierarchical.Node.around(Node.java:137)
	at org.junit.platform.engine.support.hierarchical.NodeTestTask.lambda$executeRecursively$9(NodeTestTask.java:139)
	at org.junit.platform.engine.support.hierarchical.ThrowableCollector.execute(ThrowableCollector.java:73)
	at org.junit.platform.engine.support.hierarchical.NodeTestTask.executeRecursively(NodeTestTask.java:138)
	at org.junit.platform.engine.support.hierarchical.NodeTestTask.execute(NodeTestTask.java:95)
	at java.base/java.util.ArrayList.forEach(ArrayList.java:1511)
	at org.junit.platform.engine.support.hierarchical.SameThreadHierarchicalTestExecutorService.invokeAll(SameThreadHierarchicalTestExecutorService.java:41)
	at org.junit.platform.engine.support.hierarchical.NodeTestTask.lambda$executeRecursively$6(NodeTestTask.java:155)
	at org.junit.platform.engine.support.hierarchical.ThrowableCollector.execute(ThrowableCollector.java:73)
	at org.junit.platform.engine.support.hierarchical.NodeTestTask.lambda$executeRecursively$8(NodeTestTask.java:141)
	at org.junit.platform.engine.support.hierarchical.Node.around(Node.java:137)
	at org.junit.platform.engine.support.hierarchical.NodeTestTask.lambda$executeRecursively$9(NodeTestTask.java:139)
	at org.junit.platform.engine.support.hierarchical.ThrowableCollector.execute(ThrowableCollector.java:73)
	at org.junit.platform.engine.support.hierarchical.NodeTestTask.executeRecursively(NodeTestTask.java:138)
	at org.junit.platform.engine.support.hierarchical.NodeTestTask.execute(NodeTestTask.java:95)
	at org.junit.platform.engine.support.hierarchical.SameThreadHierarchicalTestExecutorService.submit(SameThreadHierarchicalTestExecutorService.java:35)
	at org.junit.platform.engine.support.hierarchical.HierarchicalTestExecutor.execute(HierarchicalTestExecutor.java:57)
	at org.junit.platform.engine.support.hierarchical.HierarchicalTestEngine.execute(HierarchicalTestEngine.java:54)
	at org.junit.platform.launcher.core.DefaultLauncher.execute(DefaultLauncher.java:220)
	at org.junit.platform.launcher.core.DefaultLauncher.lambda$execute$6(DefaultLauncher.java:188)
	at org.junit.platform.launcher.core.DefaultLauncher.withInterceptedStreams(DefaultLauncher.java:202)
	at org.junit.platform.launcher.core.DefaultLauncher.execute(DefaultLauncher.java:181)
	at org.junit.platform.launcher.core.DefaultLauncher.execute(DefaultLauncher.java:128)
	at org.apache.maven.surefire.junitplatform.JUnitPlatformProvider.invokeAllTests(JUnitPlatformProvider.java:150)
	at org.apache.maven.surefire.junitplatform.JUnitPlatformProvider.invoke(JUnitPlatformProvider.java:124)
	at org.apache.maven.surefire.booter.ForkedBooter.invokeProviderInSameClassLoader(ForkedBooter.java:384)
	at org.apache.maven.surefire.booter.ForkedBooter.runSuitesInProcess(ForkedBooter.java:345)
	at org.apache.maven.surefire.booter.ForkedBooter.execute(ForkedBooter.java:126)
	at org.apache.maven.surefire.booter.ForkedBooter.main(ForkedBooter.java:418)
Caused by: org.apache.camel.FailedToCreateRouteException: Failed to create route route1 at: >>> To[jdbc:dataSource] <<< in route: Route(route1)[From[timer://foo?repeatCount=1] -> [SetBody[co... because of Failed to resolve endpoint: jdbc://dataSource due to: No default DataSource found in the registry
	at org.apache.camel.reifier.RouteReifier.doCreateRoute(RouteReifier.java:241)
	at org.apache.camel.reifier.RouteReifier.createRoute(RouteReifier.java:75)
	at org.apache.camel.impl.DefaultModelReifierFactory.createRoute(DefaultModelReifierFactory.java:49)
	at org.apache.camel.impl.DefaultCamelContext.startRouteDefinitions(DefaultCamelContext.java:891)
	at org.apache.camel.impl.DefaultCamelContext.startRouteDefinitions(DefaultCamelContext.java:765)
	at org.apache.camel.impl.engine.AbstractCamelContext.doInit(AbstractCamelContext.java:3000)
	at org.apache.camel.support.service.BaseService.init(BaseService.java:83)
	at org.apache.camel.impl.engine.AbstractCamelContext.init(AbstractCamelContext.java:2671)
	at org.apache.camel.support.service.BaseService.start(BaseService.java:111)
	at org.apache.camel.impl.engine.AbstractCamelContext.start(AbstractCamelContext.java:2690)
	at org.apache.camel.impl.DefaultCamelContext.start(DefaultCamelContext.java:262)
	at org.apache.camel.spring.SpringCamelContext.start(SpringCamelContext.java:119)
	at org.apache.camel.spring.SpringCamelContext.onApplicationEvent(SpringCamelContext.java:151)
	at org.springframework.context.event.SimpleApplicationEventMulticaster.doInvokeListener(SimpleApplicationEventMulticaster.java:176)
	at org.springframework.context.event.SimpleApplicationEventMulticaster.invokeListener(SimpleApplicationEventMulticaster.java:169)
	at org.springframework.context.event.SimpleApplicationEventMulticaster.multicastEvent(SimpleApplicationEventMulticaster.java:143)
	at org.springframework.context.support.AbstractApplicationContext.publishEvent(AbstractApplicationContext.java:421)
	at org.springframework.context.support.AbstractApplicationContext.publishEvent(AbstractApplicationContext.java:378)
	at org.springframework.context.support.AbstractApplicationContext.finishRefresh(AbstractApplicationContext.java:938)
	at org.springframework.context.support.AbstractApplicationContext.refresh(AbstractApplicationContext.java:586)
	at org.springframework.boot.SpringApplication.refresh(SpringApplication.java:731)
	at org.springframework.boot.SpringApplication.refreshContext(SpringApplication.java:408)
	at org.springframework.boot.SpringApplication.run(SpringApplication.java:307)
	at org.springframework.boot.test.context.SpringBootContextLoader.loadContext(SpringBootContextLoader.java:136)
	at org.springframework.test.context.cache.DefaultCacheAwareContextLoaderDelegate.loadContextInternal(DefaultCacheAwareContextLoaderDelegate.java:141)
	at org.springframework.test.context.cache.DefaultCacheAwareContextLoaderDelegate.loadContext(DefaultCacheAwareContextLoaderDelegate.java:90)
	... 67 common frames omitted
Caused by: org.apache.camel.ResolveEndpointFailedException: Failed to resolve endpoint: jdbc://dataSource due to: No default DataSource found in the registry
	at org.apache.camel.impl.engine.AbstractCamelContext.doGetEndpoint(AbstractCamelContext.java:1009)
	at org.apache.camel.impl.engine.AbstractCamelContext.getEndpoint(AbstractCamelContext.java:891)
	at org.apache.camel.support.CamelContextHelper.resolveEndpoint(CamelContextHelper.java:127)
	at org.apache.camel.reifier.SendReifier.resolveEndpoint(SendReifier.java:45)
	at org.apache.camel.reifier.SendReifier.createProcessor(SendReifier.java:37)
	at org.apache.camel.reifier.ProcessorReifier.makeProcessor(ProcessorReifier.java:847)
	at org.apache.camel.reifier.ProcessorReifier.addRoutes(ProcessorReifier.java:588)
	at org.apache.camel.reifier.RouteReifier.doCreateRoute(RouteReifier.java:237)
	... 92 common frames omitted
Caused by: java.lang.IllegalArgumentException: No default DataSource found in the registry
	at org.apache.camel.component.jdbc.JdbcComponent.createEndpoint(JdbcComponent.java:67)
	at org.apache.camel.support.DefaultComponent.createEndpoint(DefaultComponent.java:171)
	at org.apache.camel.impl.engine.AbstractCamelContext.doGetEndpoint(AbstractCamelContext.java:975)
	... 99 common frames omitted
2022-11-29 09:48:03,599 [main] INFO  c.e.fhir_etl.FhirEtlApplication 55 - Starting FhirEtlApplication using Java 17.0.4.1 on June4693-450G7 with PID 20408 (C:\Users\june.wu\Documents\GitHub\cameldemo1123_multifn\spring1124_multifn\fhir_etl\fhir_etl\target\classes started by June.Wu in C:\Users\june.wu\Documents\GitHub\cameldemo1123_multifn\spring1124_multifn\fhir_etl\fhir_etl)
2022-11-29 09:48:03,602 [main] INFO  c.e.fhir_etl.FhirEtlApplication 631 - No active profile set, falling back to 1 default profile: "default"
2022-11-29 09:48:05,052 [main] INFO  o.s.b.w.e.tomcat.TomcatWebServer 108 - Tomcat initialized with port(s): 8080 (http)
2022-11-29 09:48:05,064 [main] INFO  o.a.coyote.http11.Http11NioProtocol 173 - Initializing ProtocolHandler ["http-nio-8080"]
2022-11-29 09:48:05,064 [main] INFO  o.a.catalina.core.StandardService 173 - Starting service [Tomcat]
2022-11-29 09:48:05,065 [main] INFO  o.a.catalina.core.StandardEngine 173 - Starting Servlet engine: [Apache Tomcat/9.0.69]
2022-11-29 09:48:05,245 [main] INFO  o.a.c.c.C.[Tomcat].[localhost].[/] 173 - Initializing Spring embedded WebApplicationContext
2022-11-29 09:48:05,245 [main] INFO  o.s.b.w.s.c.ServletWebServerApplicationContext 292 - Root WebApplicationContext: initialization completed in 1587 ms
2022-11-29 09:48:06,098 [main] INFO  o.a.coyote.http11.Http11NioProtocol 173 - Starting ProtocolHandler ["http-nio-8080"]
2022-11-29 09:48:06,130 [main] INFO  o.s.b.w.e.tomcat.TomcatWebServer 220 - Tomcat started on port(s): 8080 (http) with context path ''
2022-11-29 09:48:06,409 [main] INFO  o.a.coyote.http11.Http11NioProtocol 173 - Pausing ProtocolHandler ["http-nio-8080"]
2022-11-29 09:48:06,409 [main] INFO  o.a.catalina.core.StandardService 173 - Stopping service [Tomcat]
2022-11-29 09:48:06,453 [main] INFO  o.a.coyote.http11.Http11NioProtocol 173 - Stopping ProtocolHandler ["http-nio-8080"]
2022-11-29 09:48:06,455 [main] INFO  o.a.coyote.http11.Http11NioProtocol 173 - Destroying ProtocolHandler ["http-nio-8080"]
2022-11-29 09:48:06,459 [main] INFO  o.s.b.a.l.ConditionEvaluationReportLoggingListener 136 - 

Error starting ApplicationContext. To display the conditions report re-run your application with 'debug' enabled.
2022-11-29 09:48:06,482 [main] ERROR o.s.boot.SpringApplication 821 - Application run failed
org.apache.camel.FailedToCreateRouteException: Failed to create route route1 at: >>> To[jdbc:dataSource] <<< in route: Route(route1)[From[timer://foo?repeatCount=1] -> [SetBody[co... because of Failed to resolve endpoint: jdbc://dataSource due to: No default DataSource found in the registry
	at org.apache.camel.reifier.RouteReifier.doCreateRoute(RouteReifier.java:241)
	at org.apache.camel.reifier.RouteReifier.createRoute(RouteReifier.java:75)
	at org.apache.camel.impl.DefaultModelReifierFactory.createRoute(DefaultModelReifierFactory.java:49)
	at org.apache.camel.impl.DefaultCamelContext.startRouteDefinitions(DefaultCamelContext.java:891)
	at org.apache.camel.impl.DefaultCamelContext.startRouteDefinitions(DefaultCamelContext.java:765)
	at org.apache.camel.impl.engine.AbstractCamelContext.doInit(AbstractCamelContext.java:3000)
	at org.apache.camel.support.service.BaseService.init(BaseService.java:83)
	at org.apache.camel.impl.engine.AbstractCamelContext.init(AbstractCamelContext.java:2671)
	at org.apache.camel.support.service.BaseService.start(BaseService.java:111)
	at org.apache.camel.impl.engine.AbstractCamelContext.start(AbstractCamelContext.java:2690)
	at org.apache.camel.impl.DefaultCamelContext.start(DefaultCamelContext.java:262)
	at org.apache.camel.spring.SpringCamelContext.start(SpringCamelContext.java:119)
	at org.apache.camel.spring.SpringCamelContext.onApplicationEvent(SpringCamelContext.java:151)
	at org.springframework.context.event.SimpleApplicationEventMulticaster.doInvokeListener(SimpleApplicationEventMulticaster.java:176)
	at org.springframework.context.event.SimpleApplicationEventMulticaster.invokeListener(SimpleApplicationEventMulticaster.java:169)
	at org.springframework.context.event.SimpleApplicationEventMulticaster.multicastEvent(SimpleApplicationEventMulticaster.java:143)
	at org.springframework.context.support.AbstractApplicationContext.publishEvent(AbstractApplicationContext.java:421)
	at org.springframework.context.support.AbstractApplicationContext.publishEvent(AbstractApplicationContext.java:378)
	at org.springframework.context.support.AbstractApplicationContext.finishRefresh(AbstractApplicationContext.java:938)
	at org.springframework.context.support.AbstractApplicationContext.refresh(AbstractApplicationContext.java:586)
	at org.springframework.boot.web.servlet.context.ServletWebServerApplicationContext.refresh(ServletWebServerApplicationContext.java:147)
	at org.springframework.boot.SpringApplication.refresh(SpringApplication.java:731)
	at org.springframework.boot.SpringApplication.refreshContext(SpringApplication.java:408)
	at org.springframework.boot.SpringApplication.run(SpringApplication.java:307)
	at org.springframework.boot.SpringApplication.run(SpringApplication.java:1303)
	at org.springframework.boot.SpringApplication.run(SpringApplication.java:1292)
	at com.example.fhir_etl.FhirEtlApplication.main(FhirEtlApplication.java:10)
Caused by: org.apache.camel.ResolveEndpointFailedException: Failed to resolve endpoint: jdbc://dataSource due to: No default DataSource found in the registry
	at org.apache.camel.impl.engine.AbstractCamelContext.doGetEndpoint(AbstractCamelContext.java:1009)
	at org.apache.camel.impl.engine.AbstractCamelContext.getEndpoint(AbstractCamelContext.java:891)
	at org.apache.camel.support.CamelContextHelper.resolveEndpoint(CamelContextHelper.java:127)
	at org.apache.camel.reifier.SendReifier.resolveEndpoint(SendReifier.java:45)
	at org.apache.camel.reifier.SendReifier.createProcessor(SendReifier.java:37)
	at org.apache.camel.reifier.ProcessorReifier.makeProcessor(ProcessorReifier.java:847)
	at org.apache.camel.reifier.ProcessorReifier.addRoutes(ProcessorReifier.java:588)
	at org.apache.camel.reifier.RouteReifier.doCreateRoute(RouteReifier.java:237)
	... 26 common frames omitted
Caused by: java.lang.IllegalArgumentException: No default DataSource found in the registry
	at org.apache.camel.component.jdbc.JdbcComponent.createEndpoint(JdbcComponent.java:67)
	at org.apache.camel.support.DefaultComponent.createEndpoint(DefaultComponent.java:171)
	at org.apache.camel.impl.engine.AbstractCamelContext.doGetEndpoint(AbstractCamelContext.java:975)
	... 33 common frames omitted
2022-11-29 09:48:48,112 [main] INFO  c.e.fhir_etl.FhirEtlApplication 55 - Starting FhirEtlApplication using Java 17.0.4.1 on June4693-450G7 with PID 25752 (C:\Users\june.wu\Documents\GitHub\cameldemo1123_multifn\spring1124_multifn\fhir_etl\fhir_etl\target\classes started by June.Wu in C:\Users\june.wu\Documents\GitHub\cameldemo1123_multifn\spring1124_multifn\fhir_etl\fhir_etl)
2022-11-29 09:48:48,116 [main] INFO  c.e.fhir_etl.FhirEtlApplication 631 - No active profile set, falling back to 1 default profile: "default"
2022-11-29 09:48:49,527 [main] INFO  o.s.b.w.e.tomcat.TomcatWebServer 108 - Tomcat initialized with port(s): 8080 (http)
2022-11-29 09:48:49,539 [main] INFO  o.a.coyote.http11.Http11NioProtocol 173 - Initializing ProtocolHandler ["http-nio-8080"]
2022-11-29 09:48:49,540 [main] INFO  o.a.catalina.core.StandardService 173 - Starting service [Tomcat]
2022-11-29 09:48:49,540 [main] INFO  o.a.catalina.core.StandardEngine 173 - Starting Servlet engine: [Apache Tomcat/9.0.69]
2022-11-29 09:48:49,698 [main] INFO  o.a.c.c.C.[Tomcat].[localhost].[/] 173 - Initializing Spring embedded WebApplicationContext
2022-11-29 09:48:49,698 [main] INFO  o.s.b.w.s.c.ServletWebServerApplicationContext 292 - Root WebApplicationContext: initialization completed in 1530 ms
2022-11-29 09:48:50,546 [main] INFO  o.a.coyote.http11.Http11NioProtocol 173 - Starting ProtocolHandler ["http-nio-8080"]
2022-11-29 09:48:50,585 [main] INFO  o.s.b.w.e.tomcat.TomcatWebServer 220 - Tomcat started on port(s): 8080 (http) with context path ''
2022-11-29 09:48:50,651 [main] INFO  o.a.c.i.engine.AbstractCamelContext 3058 - Apache Camel 3.19.0 (camel-2) is starting
2022-11-29 09:48:50,657 [main] INFO  o.a.c.i.engine.AbstractCamelContext 3220 - Routes startup (started:0)
2022-11-29 09:48:50,657 [main] INFO  o.a.c.i.engine.AbstractCamelContext 3249 - Apache Camel 3.19.0 (camel-2) started in 76ms (build:20ms init:52ms start:4ms)
2022-11-29 09:48:50,663 [main] INFO  c.e.fhir_etl.FhirEtlApplication 61 - Started FhirEtlApplication in 2.988 seconds (JVM running for 3.561)
2022-11-29 09:48:50,813 [main] INFO  o.a.c.component.file.FileEndpoint 126 - Endpoint is configured with noop=true so forcing endpoint to be idempotent as well
2022-11-29 09:48:50,813 [main] INFO  o.a.c.component.file.FileEndpoint 132 - Using default memory based idempotent repository with cache max size: 1000
2022-11-29 09:48:50,815 [main] INFO  o.a.c.i.engine.AbstractCamelContext 3058 - Apache Camel 3.19.0 (camel-3) is starting
2022-11-29 09:48:50,829 [main] INFO  o.a.c.i.engine.AbstractCamelContext 3220 - Routes startup (started:1)
2022-11-29 09:48:50,829 [main] INFO  o.a.c.i.engine.AbstractCamelContext 3225 -     Started route1 (file:///Users/june.wu/Desktop/cameltest/fileMove)
2022-11-29 09:48:50,830 [main] INFO  o.a.c.i.engine.AbstractCamelContext 3249 - Apache Camel 3.19.0 (camel-3) started in 127ms (build:3ms init:110ms start:14ms)
2022-11-29 09:48:51,849 [Camel (camel-3) thread #1 - file:///Users/june.wu/Desktop/cameltest/fileMove] INFO  route1 166 - {CamelFileAbsolute=true, CamelFileAbsolutePath=C:\Users\june.wu\Desktop\cameltest\fileMove\a.txt, CamelFileInitialOffset=org.apache.camel.support.resume.Resumables$AnonymousResumable@77510aab, CamelFileLastModified=1669271199421, CamelFileLength=11, CamelFileName=a.txt, CamelFileNameConsumed=a.txt, CamelFileNameOnly=a.txt, CamelFileParent=C:\Users\june.wu\Desktop\cameltest\fileMove, CamelFilePath=C:\Users\june.wu\Desktop\cameltest\fileMove\a.txt, CamelFileRelativePath=a.txt, CamelMessageTimestamp=1669271199421}
2022-11-29 09:48:51,853 [Camel (camel-3) thread #1 - file:///Users/june.wu/Desktop/cameltest/fileMove] INFO  route1 166 - ~~~~~
2022-11-29 09:48:51,857 [Camel (camel-3) thread #1 - file:///Users/june.wu/Desktop/cameltest/fileMove] INFO  route1 166 - {CamelFileAbsolute=true, CamelFileAbsolutePath=C:\Users\june.wu\Desktop\cameltest\fileMove\abc1.txt - .txt, CamelFileInitialOffset=org.apache.camel.support.resume.Resumables$AnonymousResumable@7e7ab91b, CamelFileLastModified=1669010181844, CamelFileLength=13, CamelFileName=abc1.txt - .txt, CamelFileNameConsumed=abc1.txt - .txt, CamelFileNameOnly=abc1.txt - .txt, CamelFileParent=C:\Users\june.wu\Desktop\cameltest\fileMove, CamelFilePath=C:\Users\june.wu\Desktop\cameltest\fileMove\abc1.txt - .txt, CamelFileRelativePath=abc1.txt - .txt, CamelMessageTimestamp=1669010181844}
2022-11-29 09:48:51,861 [Camel (camel-3) thread #1 - file:///Users/june.wu/Desktop/cameltest/fileMove] INFO  route1 166 - hello 123 456
2022-11-29 09:48:51,863 [Camel (camel-3) thread #1 - file:///Users/june.wu/Desktop/cameltest/fileMove] INFO  route1 166 - {CamelFileAbsolute=true, CamelFileAbsolutePath=C:\Users\june.wu\Desktop\cameltest\fileMove\abc1.txt.txt, CamelFileInitialOffset=org.apache.camel.support.resume.Resumables$AnonymousResumable@6994753b, CamelFileLastModified=1669010181844, CamelFileLength=13, CamelFileName=abc1.txt.txt, CamelFileNameConsumed=abc1.txt.txt, CamelFileNameOnly=abc1.txt.txt, CamelFileParent=C:\Users\june.wu\Desktop\cameltest\fileMove, CamelFilePath=C:\Users\june.wu\Desktop\cameltest\fileMove\abc1.txt.txt, CamelFileRelativePath=abc1.txt.txt, CamelMessageTimestamp=1669010181844}
2022-11-29 09:48:51,864 [Camel (camel-3) thread #1 - file:///Users/june.wu/Desktop/cameltest/fileMove] INFO  route1 166 - hello 123 456
2022-11-29 09:48:51,867 [Camel (camel-3) thread #1 - file:///Users/june.wu/Desktop/cameltest/fileMove] INFO  route1 166 - {CamelFileAbsolute=true, CamelFileAbsolutePath=C:\Users\june.wu\Desktop\cameltest\fileMove\b.txt, CamelFileInitialOffset=org.apache.camel.support.resume.Resumables$AnonymousResumable@355b66af, CamelFileLastModified=1669271199421, CamelFileLength=11, CamelFileName=b.txt, CamelFileNameConsumed=b.txt, CamelFileNameOnly=b.txt, CamelFileParent=C:\Users\june.wu\Desktop\cameltest\fileMove, CamelFilePath=C:\Users\june.wu\Desktop\cameltest\fileMove\b.txt, CamelFileRelativePath=b.txt, CamelMessageTimestamp=1669271199421}
2022-11-29 09:48:51,868 [Camel (camel-3) thread #1 - file:///Users/june.wu/Desktop/cameltest/fileMove] INFO  route1 166 - ~~~~~
2022-11-29 09:48:51,870 [Camel (camel-3) thread #1 - file:///Users/june.wu/Desktop/cameltest/fileMove] INFO  route1 166 - {CamelFileAbsolute=true, CamelFileAbsolutePath=C:\Users\june.wu\Desktop\cameltest\fileMove\hi.txt.txt, CamelFileInitialOffset=org.apache.camel.support.resume.Resumables$AnonymousResumable@7face092, CamelFileLastModified=1669017289161, CamelFileLength=17, CamelFileName=hi.txt.txt, CamelFileNameConsumed=hi.txt.txt, CamelFileNameOnly=hi.txt.txt, CamelFileParent=C:\Users\june.wu\Desktop\cameltest\fileMove, CamelFilePath=C:\Users\june.wu\Desktop\cameltest\fileMove\hi.txt.txt, CamelFileRelativePath=hi.txt.txt, CamelMessageTimestamp=1669017289161}
2022-11-29 09:48:51,874 [Camel (camel-3) thread #1 - file:///Users/june.wu/Desktop/cameltest/fileMove] INFO  route1 166 - hello 123 456 789
2022-11-29 09:48:51,877 [Camel (camel-3) thread #1 - file:///Users/june.wu/Desktop/cameltest/fileMove] INFO  route1 166 - {CamelFileAbsolute=true, CamelFileAbsolutePath=C:\Users\june.wu\Desktop\cameltest\fileMove\testapi1123-2.txt, CamelFileInitialOffset=org.apache.camel.support.resume.Resumables$AnonymousResumable@4ab8792b, CamelFileLastModified=1669262580064, CamelFileLength=732, CamelFileName=testapi1123-2.txt, CamelFileNameConsumed=testapi1123-2.txt, CamelFileNameOnly=testapi1123-2.txt, CamelFileParent=C:\Users\june.wu\Desktop\cameltest\fileMove, CamelFilePath=C:\Users\june.wu\Desktop\cameltest\fileMove\testapi1123-2.txt, CamelFileRelativePath=testapi1123-2.txt, CamelMessageTimestamp=1669262580064}
2022-11-29 09:48:51,883 [Camel (camel-3) thread #1 - file:///Users/june.wu/Desktop/cameltest/fileMove] INFO  route1 166 - 1234567890123456789012345678901234567890123456789012345678901234567890123456789012345678901234567890
123456789012345678901234567890123456789012345678901234567890123456789012345678901234567890123456789012345678901234567890123456789012345678901234567890123456789012345678901234567890123456789012345678901234567890123456789012345678901234567890123456789012345678901234567890123456789012345678901234567890123456789012345678901234567890123456789012345678901234567890123456789012345678901234567890123456789012345678901234567890123456789012345678901234567890123456789012345678901234567890123456789012345678901234567890123456789012345678901234567890123456789012345678901234567890123456789012345678901234567890123456789012345678901234567890
2022-11-29 09:48:51,884 [Camel (camel-3) thread #1 - file:///Users/june.wu/Desktop/cameltest/fileMove] INFO  route1 166 - {CamelFileAbsolute=true, CamelFileAbsolutePath=C:\Users\june.wu\Desktop\cameltest\fileMove\testapi1123.txt, CamelFileInitialOffset=org.apache.camel.support.resume.Resumables$AnonymousResumable@4141cc3f, CamelFileLastModified=1669262580064, CamelFileLength=732, CamelFileName=testapi1123.txt, CamelFileNameConsumed=testapi1123.txt, CamelFileNameOnly=testapi1123.txt, CamelFileParent=C:\Users\june.wu\Desktop\cameltest\fileMove, CamelFilePath=C:\Users\june.wu\Desktop\cameltest\fileMove\testapi1123.txt, CamelFileRelativePath=testapi1123.txt, CamelMessageTimestamp=1669262580064}
2022-11-29 09:48:51,886 [Camel (camel-3) thread #1 - file:///Users/june.wu/Desktop/cameltest/fileMove] INFO  route1 166 - 1234567890123456789012345678901234567890123456789012345678901234567890123456789012345678901234567890
123456789012345678901234567890123456789012345678901234567890123456789012345678901234567890123456789012345678901234567890123456789012345678901234567890123456789012345678901234567890123456789012345678901234567890123456789012345678901234567890123456789012345678901234567890123456789012345678901234567890123456789012345678901234567890123456789012345678901234567890123456789012345678901234567890123456789012345678901234567890123456789012345678901234567890123456789012345678901234567890123456789012345678901234567890123456789012345678901234567890123456789012345678901234567890123456789012345678901234567890123456789012345678901234567890
2022-11-29 09:49:00,842 [main] INFO  o.a.c.i.engine.AbstractCamelContext 3454 - Apache Camel 3.19.0 (camel-3) is shutting down (timeout:45s)
2022-11-29 09:49:00,846 [main] INFO  o.a.c.i.engine.AbstractCamelContext 166 - Routes stopped (stopped:1)
2022-11-29 09:49:00,847 [main] INFO  o.a.c.i.engine.AbstractCamelContext 166 -     Stopped route1 (file:///Users/june.wu/Desktop/cameltest/fileMove)
2022-11-29 09:49:00,848 [main] INFO  o.a.c.i.engine.AbstractCamelContext 3593 - Apache Camel 3.19.0 (camel-3) shutdown in 6ms (uptime:10s)
2022-11-29 09:49:00,850 [SpringApplicationShutdownHook] INFO  o.a.c.i.engine.AbstractCamelContext 3454 - Apache Camel 3.19.0 (camel-2) is shutting down (timeout:45s)
2022-11-29 09:49:00,851 [SpringApplicationShutdownHook] INFO  o.a.c.i.engine.AbstractCamelContext 166 - Routes stopped (stopped:0)
2022-11-29 09:49:00,851 [SpringApplicationShutdownHook] INFO  o.a.c.i.engine.AbstractCamelContext 3593 - Apache Camel 3.19.0 (camel-2) shutdown in 0ms (uptime:10s)
2022-11-29 09:50:22,085 [main] INFO  c.e.fhir_etl.FhirEtlApplication 55 - Starting FhirEtlApplication using Java 17.0.4.1 on June4693-450G7 with PID 13808 (C:\Users\june.wu\Documents\GitHub\cameldemo1123_multifn\spring1124_multifn\fhir_etl\fhir_etl\target\classes started by June.Wu in C:\Users\june.wu\Documents\GitHub\cameldemo1123_multifn\spring1124_multifn\fhir_etl\fhir_etl)
2022-11-29 09:50:22,090 [main] INFO  c.e.fhir_etl.FhirEtlApplication 631 - No active profile set, falling back to 1 default profile: "default"
2022-11-29 09:50:23,547 [main] INFO  o.s.b.w.e.tomcat.TomcatWebServer 108 - Tomcat initialized with port(s): 8080 (http)
2022-11-29 09:50:23,559 [main] INFO  o.a.coyote.http11.Http11NioProtocol 173 - Initializing ProtocolHandler ["http-nio-8080"]
2022-11-29 09:50:23,560 [main] INFO  o.a.catalina.core.StandardService 173 - Starting service [Tomcat]
2022-11-29 09:50:23,560 [main] INFO  o.a.catalina.core.StandardEngine 173 - Starting Servlet engine: [Apache Tomcat/9.0.69]
2022-11-29 09:50:23,721 [main] INFO  o.a.c.c.C.[Tomcat].[localhost].[/] 173 - Initializing Spring embedded WebApplicationContext
2022-11-29 09:50:23,722 [main] INFO  o.s.b.w.s.c.ServletWebServerApplicationContext 292 - Root WebApplicationContext: initialization completed in 1573 ms
2022-11-29 09:50:24,673 [main] INFO  o.a.coyote.http11.Http11NioProtocol 173 - Starting ProtocolHandler ["http-nio-8080"]
2022-11-29 09:50:24,701 [main] INFO  o.s.b.w.e.tomcat.TomcatWebServer 220 - Tomcat started on port(s): 8080 (http) with context path ''
2022-11-29 09:50:24,784 [main] INFO  o.a.c.i.engine.AbstractCamelContext 3058 - Apache Camel 3.19.0 (camel-2) is starting
2022-11-29 09:50:24,793 [main] INFO  o.a.c.i.engine.AbstractCamelContext 3220 - Routes startup (started:0)
2022-11-29 09:50:24,793 [main] INFO  o.a.c.i.engine.AbstractCamelContext 3249 - Apache Camel 3.19.0 (camel-2) started in 86ms (build:10ms init:69ms start:7ms)
2022-11-29 09:50:24,800 [main] INFO  c.e.fhir_etl.FhirEtlApplication 61 - Started FhirEtlApplication in 3.176 seconds (JVM running for 3.711)
2022-11-29 09:50:24,941 [main] INFO  o.a.c.component.file.FileEndpoint 126 - Endpoint is configured with noop=true so forcing endpoint to be idempotent as well
2022-11-29 09:50:24,941 [main] INFO  o.a.c.component.file.FileEndpoint 132 - Using default memory based idempotent repository with cache max size: 1000
2022-11-29 09:50:24,943 [main] INFO  o.a.c.i.engine.AbstractCamelContext 3058 - Apache Camel 3.19.0 (camel-3) is starting
2022-11-29 09:50:24,960 [main] INFO  o.a.c.i.engine.AbstractCamelContext 3220 - Routes startup (started:1)
2022-11-29 09:50:24,960 [main] INFO  o.a.c.i.engine.AbstractCamelContext 3225 -     Started route1 (file:///Users/june.wu/Desktop/cameltest/fileMove)
2022-11-29 09:50:24,960 [main] INFO  o.a.c.i.engine.AbstractCamelContext 3249 - Apache Camel 3.19.0 (camel-3) started in 118ms (build:3ms init:99ms start:16ms)
2022-11-29 09:50:25,983 [Camel (camel-3) thread #1 - file:///Users/june.wu/Desktop/cameltest/fileMove] INFO  route1 166 - {CamelFileAbsolute=true, CamelFileAbsolutePath=C:\Users\june.wu\Desktop\cameltest\fileMove\a.txt, CamelFileInitialOffset=org.apache.camel.support.resume.Resumables$AnonymousResumable@30c4d445, CamelFileLastModified=1669271199421, CamelFileLength=11, CamelFileName=a.txt, CamelFileNameConsumed=a.txt, CamelFileNameOnly=a.txt, CamelFileParent=C:\Users\june.wu\Desktop\cameltest\fileMove, CamelFilePath=C:\Users\june.wu\Desktop\cameltest\fileMove\a.txt, CamelFileRelativePath=a.txt, CamelMessageTimestamp=1669271199421}
2022-11-29 09:50:25,984 [Camel (camel-3) thread #1 - file:///Users/june.wu/Desktop/cameltest/fileMove] INFO  route1 166 - ~~~~~
2022-11-29 09:50:25,988 [Camel (camel-3) thread #1 - file:///Users/june.wu/Desktop/cameltest/fileMove] INFO  route1 166 - {CamelFileAbsolute=true, CamelFileAbsolutePath=C:\Users\june.wu\Desktop\cameltest\fileMove\abc1.txt - .txt, CamelFileInitialOffset=org.apache.camel.support.resume.Resumables$AnonymousResumable@1ee4e692, CamelFileLastModified=1669010181844, CamelFileLength=13, CamelFileName=abc1.txt - .txt, CamelFileNameConsumed=abc1.txt - .txt, CamelFileNameOnly=abc1.txt - .txt, CamelFileParent=C:\Users\june.wu\Desktop\cameltest\fileMove, CamelFilePath=C:\Users\june.wu\Desktop\cameltest\fileMove\abc1.txt - .txt, CamelFileRelativePath=abc1.txt - .txt, CamelMessageTimestamp=1669010181844}
2022-11-29 09:50:25,989 [Camel (camel-3) thread #1 - file:///Users/june.wu/Desktop/cameltest/fileMove] INFO  route1 166 - hello 123 456
2022-11-29 09:50:25,992 [Camel (camel-3) thread #1 - file:///Users/june.wu/Desktop/cameltest/fileMove] INFO  route1 166 - {CamelFileAbsolute=true, CamelFileAbsolutePath=C:\Users\june.wu\Desktop\cameltest\fileMove\abc1.txt.txt, CamelFileInitialOffset=org.apache.camel.support.resume.Resumables$AnonymousResumable@1fdb8443, CamelFileLastModified=1669010181844, CamelFileLength=13, CamelFileName=abc1.txt.txt, CamelFileNameConsumed=abc1.txt.txt, CamelFileNameOnly=abc1.txt.txt, CamelFileParent=C:\Users\june.wu\Desktop\cameltest\fileMove, CamelFilePath=C:\Users\june.wu\Desktop\cameltest\fileMove\abc1.txt.txt, CamelFileRelativePath=abc1.txt.txt, CamelMessageTimestamp=1669010181844}
2022-11-29 09:50:25,992 [Camel (camel-3) thread #1 - file:///Users/june.wu/Desktop/cameltest/fileMove] INFO  route1 166 - hello 123 456
2022-11-29 09:50:25,995 [Camel (camel-3) thread #1 - file:///Users/june.wu/Desktop/cameltest/fileMove] INFO  route1 166 - {CamelFileAbsolute=true, CamelFileAbsolutePath=C:\Users\june.wu\Desktop\cameltest\fileMove\b.txt, CamelFileInitialOffset=org.apache.camel.support.resume.Resumables$AnonymousResumable@30de7c63, CamelFileLastModified=1669271199421, CamelFileLength=11, CamelFileName=b.txt, CamelFileNameConsumed=b.txt, CamelFileNameOnly=b.txt, CamelFileParent=C:\Users\june.wu\Desktop\cameltest\fileMove, CamelFilePath=C:\Users\june.wu\Desktop\cameltest\fileMove\b.txt, CamelFileRelativePath=b.txt, CamelMessageTimestamp=1669271199421}
2022-11-29 09:50:25,995 [Camel (camel-3) thread #1 - file:///Users/june.wu/Desktop/cameltest/fileMove] INFO  route1 166 - ~~~~~
2022-11-29 09:50:26,007 [Camel (camel-3) thread #1 - file:///Users/june.wu/Desktop/cameltest/fileMove] INFO  route1 166 - {CamelFileAbsolute=true, CamelFileAbsolutePath=C:\Users\june.wu\Desktop\cameltest\fileMove\hi.txt.txt, CamelFileInitialOffset=org.apache.camel.support.resume.Resumables$AnonymousResumable@73640fa7, CamelFileLastModified=1669017289161, CamelFileLength=17, CamelFileName=hi.txt.txt, CamelFileNameConsumed=hi.txt.txt, CamelFileNameOnly=hi.txt.txt, CamelFileParent=C:\Users\june.wu\Desktop\cameltest\fileMove, CamelFilePath=C:\Users\june.wu\Desktop\cameltest\fileMove\hi.txt.txt, CamelFileRelativePath=hi.txt.txt, CamelMessageTimestamp=1669017289161}
2022-11-29 09:50:26,008 [Camel (camel-3) thread #1 - file:///Users/june.wu/Desktop/cameltest/fileMove] INFO  route1 166 - hello 123 456 789
2022-11-29 09:50:26,010 [Camel (camel-3) thread #1 - file:///Users/june.wu/Desktop/cameltest/fileMove] INFO  route1 166 - {CamelFileAbsolute=true, CamelFileAbsolutePath=C:\Users\june.wu\Desktop\cameltest\fileMove\testapi1123-2.txt, CamelFileInitialOffset=org.apache.camel.support.resume.Resumables$AnonymousResumable@589c03de, CamelFileLastModified=1669262580064, CamelFileLength=732, CamelFileName=testapi1123-2.txt, CamelFileNameConsumed=testapi1123-2.txt, CamelFileNameOnly=testapi1123-2.txt, CamelFileParent=C:\Users\june.wu\Desktop\cameltest\fileMove, CamelFilePath=C:\Users\june.wu\Desktop\cameltest\fileMove\testapi1123-2.txt, CamelFileRelativePath=testapi1123-2.txt, CamelMessageTimestamp=1669262580064}
2022-11-29 09:50:26,010 [Camel (camel-3) thread #1 - file:///Users/june.wu/Desktop/cameltest/fileMove] INFO  route1 166 - 1234567890123456789012345678901234567890123456789012345678901234567890123456789012345678901234567890
123456789012345678901234567890123456789012345678901234567890123456789012345678901234567890123456789012345678901234567890123456789012345678901234567890123456789012345678901234567890123456789012345678901234567890123456789012345678901234567890123456789012345678901234567890123456789012345678901234567890123456789012345678901234567890123456789012345678901234567890123456789012345678901234567890123456789012345678901234567890123456789012345678901234567890123456789012345678901234567890123456789012345678901234567890123456789012345678901234567890123456789012345678901234567890123456789012345678901234567890123456789012345678901234567890
2022-11-29 09:50:26,012 [Camel (camel-3) thread #1 - file:///Users/june.wu/Desktop/cameltest/fileMove] INFO  route1 166 - {CamelFileAbsolute=true, CamelFileAbsolutePath=C:\Users\june.wu\Desktop\cameltest\fileMove\testapi1123.txt, CamelFileInitialOffset=org.apache.camel.support.resume.Resumables$AnonymousResumable@6f41312f, CamelFileLastModified=1669262580064, CamelFileLength=732, CamelFileName=testapi1123.txt, CamelFileNameConsumed=testapi1123.txt, CamelFileNameOnly=testapi1123.txt, CamelFileParent=C:\Users\june.wu\Desktop\cameltest\fileMove, CamelFilePath=C:\Users\june.wu\Desktop\cameltest\fileMove\testapi1123.txt, CamelFileRelativePath=testapi1123.txt, CamelMessageTimestamp=1669262580064}
2022-11-29 09:50:26,012 [Camel (camel-3) thread #1 - file:///Users/june.wu/Desktop/cameltest/fileMove] INFO  route1 166 - 1234567890123456789012345678901234567890123456789012345678901234567890123456789012345678901234567890
123456789012345678901234567890123456789012345678901234567890123456789012345678901234567890123456789012345678901234567890123456789012345678901234567890123456789012345678901234567890123456789012345678901234567890123456789012345678901234567890123456789012345678901234567890123456789012345678901234567890123456789012345678901234567890123456789012345678901234567890123456789012345678901234567890123456789012345678901234567890123456789012345678901234567890123456789012345678901234567890123456789012345678901234567890123456789012345678901234567890123456789012345678901234567890123456789012345678901234567890123456789012345678901234567890
2022-11-29 09:50:34,974 [main] INFO  o.a.c.i.engine.AbstractCamelContext 3454 - Apache Camel 3.19.0 (camel-3) is shutting down (timeout:45s)
2022-11-29 09:50:34,979 [main] INFO  o.a.c.i.engine.AbstractCamelContext 166 - Routes stopped (stopped:1)
2022-11-29 09:50:34,979 [main] INFO  o.a.c.i.engine.AbstractCamelContext 166 -     Stopped route1 (file:///Users/june.wu/Desktop/cameltest/fileMove)
2022-11-29 09:50:34,981 [main] INFO  o.a.c.i.engine.AbstractCamelContext 3593 - Apache Camel 3.19.0 (camel-3) shutdown in 6ms (uptime:10s)
2022-11-29 09:50:34,983 [SpringApplicationShutdownHook] INFO  o.a.c.i.engine.AbstractCamelContext 3454 - Apache Camel 3.19.0 (camel-2) is shutting down (timeout:45s)
2022-11-29 09:50:34,984 [SpringApplicationShutdownHook] INFO  o.a.c.i.engine.AbstractCamelContext 166 - Routes stopped (stopped:0)
2022-11-29 09:50:34,984 [SpringApplicationShutdownHook] INFO  o.a.c.i.engine.AbstractCamelContext 3593 - Apache Camel 3.19.0 (camel-2) shutdown in 0ms (uptime:10s)
